Release 14.7 - xst P.20131013 (lin64)
Copyright (c) 1995-2013 Xilinx, Inc.  All rights reserved.
--> 
Parameter TMPDIR set to xst/projnav.tmp


Total REAL time to Xst completion: 0.00 secs
Total CPU time to Xst completion: 0.08 secs
 
--> 
Parameter xsthdpdir set to xst


Total REAL time to Xst completion: 0.00 secs
Total CPU time to Xst completion: 0.08 secs
 
--> 
Reading design: stop_watch.prj

TABLE OF CONTENTS
  1) Synthesis Options Summary
  2) HDL Compilation
  3) Design Hierarchy Analysis
  4) HDL Analysis
  5) HDL Synthesis
     5.1) HDL Synthesis Report
  6) Advanced HDL Synthesis
     6.1) Advanced HDL Synthesis Report
  7) Low Level Synthesis
  8) Partition Report
  9) Final Report
	9.1) Device utilization summary
	9.2) Partition Resource Summary
	9.3) TIMING REPORT


=========================================================================
*                      Synthesis Options Summary                        *
=========================================================================
---- Source Parameters
Input File Name                    : "stop_watch.prj"
Input Format                       : mixed
Ignore Synthesis Constraint File   : NO

---- Target Parameters
Output File Name                   : "stop_watch"
Output Format                      : NGC
Target Device                      : xc3s200-5-ft256

---- Source Options
Top Module Name                    : stop_watch
Automatic FSM Extraction           : YES
FSM Encoding Algorithm             : Auto
Safe Implementation                : No
FSM Style                          : LUT
RAM Extraction                     : Yes
RAM Style                          : Auto
ROM Extraction                     : Yes
Mux Style                          : Auto
Decoder Extraction                 : YES
Priority Encoder Extraction        : Yes
Shift Register Extraction          : YES
Logical Shifter Extraction         : YES
XOR Collapsing                     : YES
ROM Style                          : Auto
Mux Extraction                     : Yes
Resource Sharing                   : YES
Asynchronous To Synchronous        : NO
Multiplier Style                   : Auto
Automatic Register Balancing       : No

---- Target Options
Add IO Buffers                     : YES
Global Maximum Fanout              : 500
Add Generic Clock Buffer(BUFG)     : 8
Register Duplication               : YES
Slice Packing                      : YES
Optimize Instantiated Primitives   : NO
Use Clock Enable                   : Yes
Use Synchronous Set                : Yes
Use Synchronous Reset              : Yes
Pack IO Registers into IOBs        : Auto
Equivalent register Removal        : YES

---- General Options
Optimization Goal                  : Speed
Optimization Effort                : 1
Keep Hierarchy                     : No
Netlist Hierarchy                  : As_Optimized
RTL Output                         : Yes
Global Optimization                : AllClockNets
Read Cores                         : YES
Write Timing Constraints           : NO
Cross Clock Analysis               : NO
Hierarchy Separator                : /
Bus Delimiter                      : <>
Case Specifier                     : Maintain
Slice Utilization Ratio            : 100
BRAM Utilization Ratio             : 100
Verilog 2001                       : YES
Auto BRAM Packing                  : NO
Slice Utilization Ratio Delta      : 5

=========================================================================


=========================================================================
*                          HDL Compilation                              *
=========================================================================
Compiling vhdl file "/mnt/linux-data/opt/xilinx/projects/listing4.17/stop_watch.vhd" in Library work.
Entity <stop_watch> compiled.
Entity <stop_watch> (Architecture <cascade_arch>) compiled.

=========================================================================
*                     Design Hierarchy Analysis                         *
=========================================================================
Analyzing hierarchy for entity <stop_watch> in library <work> (architecture <cascade_arch>).


=========================================================================
*                            HDL Analysis                               *
=========================================================================
Analyzing Entity <stop_watch> in library <work> (Architecture <cascade_arch>).
Entity <stop_watch> analyzed. Unit <stop_watch> generated.


=========================================================================
*                           HDL Synthesis                               *
=========================================================================

Performing bidirectional port resolution...

Synthesizing Unit <stop_watch>.
    Related source file is "/mnt/linux-data/opt/xilinx/projects/listing4.17/stop_watch.vhd".
    Found 4-bit up counter for signal <d0_reg>.
    Found 4-bit up counter for signal <d1_reg>.
    Found 4-bit up counter for signal <d2_reg>.
    Found 23-bit up counter for signal <ms_reg>.
    Summary:
	inferred   4 Counter(s).
Unit <stop_watch> synthesized.


=========================================================================
HDL Synthesis Report

Macro Statistics
# Counters                                             : 4
 23-bit up counter                                     : 1
 4-bit up counter                                      : 3

=========================================================================

=========================================================================
*                       Advanced HDL Synthesis                          *
=========================================================================


=========================================================================
Advanced HDL Synthesis Report

Macro Statistics
# Counters                                             : 4
 23-bit up counter                                     : 1
 4-bit up counter                                      : 3

=========================================================================

=========================================================================
*                         Low Level Synthesis                           *
=========================================================================

Optimizing unit <stop_watch> ...

Mapping all equations...
Building and optimizing final netlist ...
Found area constraint ratio of 100 (+ 5) on block stop_watch, actual ratio is 1.

Final Macro Processing ...

=========================================================================
Final Register Report

Macro Statistics
# Registers                                            : 35
 Flip-Flops                                            : 35

=========================================================================

=========================================================================
*                           Partition Report                            *
=========================================================================

Partition Implementation Status
-------------------------------

  No Partitions were found in this design.

-------------------------------

=========================================================================
*                            Final Report                               *
=========================================================================
Final Results
RTL Top Level Output File Name     : stop_watch.ngr
Top Level Output File Name         : stop_watch
Output Format                      : NGC
Optimization Goal                  : Speed
Keep Hierarchy                     : No

Design Statistics
# IOs                              : 15

Cell Usage :
# BELS                             : 107
#      GND                         : 1
#      INV                         : 4
#      LUT1                        : 22
#      LUT2                        : 4
#      LUT2_D                      : 2
#      LUT3                        : 5
#      LUT3_L                      : 1
#      LUT4                        : 15
#      LUT4_L                      : 1
#      MUXCY                       : 28
#      VCC                         : 1
#      XORCY                       : 23
# FlipFlops/Latches                : 35
#      FDRE                        : 35
# Clock Buffers                    : 1
#      BUFGP                       : 1
# IO Buffers                       : 14
#      IBUF                        : 2
#      OBUF                        : 12
=========================================================================

Device utilization summary:
---------------------------

Selected Device : 3s200ft256-5 

 Number of Slices:                       27  out of   1920     1%  
 Number of Slice Flip Flops:             35  out of   3840     0%  
 Number of 4 input LUTs:                 54  out of   3840     1%  
 Number of IOs:                          15
 Number of bonded IOBs:                  15  out of    173     8%  
 Number of GCLKs:                         1  out of      8    12%  

---------------------------
Partition Resource Summary:
---------------------------

  No Partitions were found in this design.

---------------------------


=========================================================================
TIMING REPORT

NOTE: THESE TIMING NUMBERS ARE ONLY A SYNTHESIS ESTIMATE.
      FOR ACCURATE TIMING INFORMATION PLEASE REFER TO THE TRACE REPORT
      GENERATED AFTER PLACE-and-ROUTE.

Clock Information:
------------------
-----------------------------------+------------------------+-------+
Clock Signal                       | Clock buffer(FF name)  | Load  |
-----------------------------------+------------------------+-------+
clk                                | BUFGP                  | 35    |
-----------------------------------+------------------------+-------+

Asynchronous Control Signals Information:
----------------------------------------
No asynchronous control signals found in this design

Timing Summary:
---------------
Speed Grade: -5

   Minimum period: 6.888ns (Maximum Frequency: 145.186MHz)
   Minimum input arrival time before clock: 5.229ns
   Maximum output required time after clock: 6.456ns
   Maximum combinational path delay: No path found

Timing Detail:
--------------
All values displayed in nanoseconds (ns)

=========================================================================
Timing constraint: Default period analysis for Clock 'clk'
  Clock period: 6.888ns (frequency: 145.186MHz)
  Total number of paths / destination ports: 1531 / 82
-------------------------------------------------------------------------
Delay:               6.888ns (Levels of Logic = 8)
  Source:            ms_reg_8 (FF)
  Destination:       ms_reg_0 (FF)
  Source Clock:      clk rising
  Destination Clock: clk rising

  Data Path: ms_reg_8 to ms_reg_0
                                Gate     Net
    Cell:in->out      fanout   Delay   Delay  Logical Name (Net Name)
    ----------------------------------------  ------------
     FDRE:C->Q             2   0.626   1.040  ms_reg_8 (ms_reg_8)
     LUT3:I0->O            1   0.479   0.000  ms_tick_cmp_eq0000_wg_lut<0> (ms_tick_cmp_eq0000_wg_lut<0>)
     MUXCY:S->O            1   0.435   0.000  ms_tick_cmp_eq0000_wg_cy<0> (ms_tick_cmp_eq0000_wg_cy<0>)
     MUXCY:CI->O           1   0.056   0.000  ms_tick_cmp_eq0000_wg_cy<1> (ms_tick_cmp_eq0000_wg_cy<1>)
     MUXCY:CI->O           1   0.056   0.000  ms_tick_cmp_eq0000_wg_cy<2> (ms_tick_cmp_eq0000_wg_cy<2>)
     MUXCY:CI->O           1   0.056   0.000  ms_tick_cmp_eq0000_wg_cy<3> (ms_tick_cmp_eq0000_wg_cy<3>)
     MUXCY:CI->O           1   0.056   0.000  ms_tick_cmp_eq0000_wg_cy<4> (ms_tick_cmp_eq0000_wg_cy<4>)
     MUXCY:CI->O          10   0.246   1.023  ms_tick_cmp_eq0000_wg_cy<5> (d0_en)
     LUT3:I2->O           23   0.479   1.446  ms_reg_or00001 (ms_reg_or0000)
     FDRE:R                    0.892          ms_reg_0
    ----------------------------------------
    Total                      6.888ns (3.379ns logic, 3.509ns route)
                                       (49.1% logic, 50.9% route)

=========================================================================
Timing constraint: Default OFFSET IN BEFORE for Clock 'clk'
  Total number of paths / destination ports: 81 / 58
-------------------------------------------------------------------------
Offset:              5.229ns (Levels of Logic = 2)
  Source:            go (PAD)
  Destination:       ms_reg_0 (FF)
  Destination Clock: clk rising

  Data Path: go to ms_reg_0
                                Gate     Net
    Cell:in->out      fanout   Delay   Delay  Logical Name (Net Name)
    ----------------------------------------  ------------
     IBUF:I->O            24   0.715   1.697  go_IBUF (go_IBUF)
     LUT3:I1->O           23   0.479   1.446  ms_reg_or00001 (ms_reg_or0000)
     FDRE:R                    0.892          ms_reg_0
    ----------------------------------------
    Total                      5.229ns (2.086ns logic, 3.143ns route)
                                       (39.9% logic, 60.1% route)

=========================================================================
Timing constraint: Default OFFSET OUT AFTER for Clock 'clk'
  Total number of paths / destination ports: 12 / 12
-------------------------------------------------------------------------
Offset:              6.456ns (Levels of Logic = 1)
  Source:            d0_reg_0 (FF)
  Destination:       d0<0> (PAD)
  Source Clock:      clk rising

  Data Path: d0_reg_0 to d0<0>
                                Gate     Net
    Cell:in->out      fanout   Delay   Delay  Logical Name (Net Name)
    ----------------------------------------  ------------
     FDRE:C->Q             8   0.626   0.921  d0_reg_0 (d0_reg_0)
     OBUF:I->O                 4.909          d0_0_OBUF (d0<0>)
    ----------------------------------------
    Total                      6.456ns (5.535ns logic, 0.921ns route)
                                       (85.7% logic, 14.3% route)

=========================================================================


Total REAL time to Xst completion: 6.00 secs
Total CPU time to Xst completion: 5.12 secs
 
--> 


Total memory usage is 512152 kilobytes

Number of errors   :    0 (   0 filtered)
Number of warnings :    0 (   0 filtered)
Number of infos    :    0 (   0 filtered)

