Running: /mnt/linux-data/opt/xilinx/14.7/ISE_DS/ISE/bin/lin64/unwrapped/fuse -intstyle ise -incremental -o /mnt/linux-data/opt/xilinx/projects/listing4.7/shift_testbench_isim_beh.exe -prj /mnt/linux-data/opt/xilinx/projects/listing4.7/shift_testbench_beh.prj work.shift_testbench 
ISim P.20131013 (signature 0xfbc00daa)
Number of CPUs detected in this system: 4
Turning on mult-threading, number of parallel sub-compilation jobs: 8 
Determining compilation order of HDL files
Parsing VHDL file "/mnt/linux-data/opt/xilinx/projects/listing4.7/free_run_shift_reg.vhd" into library work
Parsing VHDL file "/mnt/linux-data/opt/xilinx/projects/listing4.7/shift_testbench.vhd" into library work
Starting static elaboration
Completed static elaboration
Fuse Memory Usage: 95008 KB
Fuse CPU Usage: 970 ms
Compiling package standard
Compiling package std_logic_1164
Compiling architecture arch of entity free_run_shift_reg [\free_run_shift_reg(8)\]
Compiling architecture behavior of entity shift_testbench
Time Resolution for simulation is 1ps.
Waiting for 1 sub-compilation(s) to finish...
Compiled 5 VHDL Units
Built simulation executable /mnt/linux-data/opt/xilinx/projects/listing4.7/shift_testbench_isim_beh.exe
Fuse Memory Usage: 660728 KB
Fuse CPU Usage: 1000 ms
GCC CPU Usage: 200 ms
