Command line:
   eq2_isim_beh.exe
     -simmode  gui
     -simrunnum  0
     -socket  37045

Mon Mar 17 19:48:12 2014


 Elaboration Time: 0.03 sec

 Current Memory Usage: 227.262 Meg

 Total Signals          : 15
 Total Nets             : 11
 Total Signal Drivers   : 7
 Total Blocks           : 4
 Total Primitive Blocks : 3
 Total Processes        : 7
 Total Traceable Variables  : 8
 Total Scalar Nets and Variables : 371
Total Line Count : 7

 Total Simulation Time: 0.05 sec

 Current Memory Usage: 302.764 Meg

Mon Mar 17 19:48:29 2014

