Running: /mnt/linux-data/opt/xilinx/14.7/ISE_DS/ISE/bin/lin64/unwrapped/fuse -intstyle ise -incremental -o /mnt/linux-data/opt/xilinx/projects/listing3.17/barrel_testbench_isim_beh.exe -prj /mnt/linux-data/opt/xilinx/projects/listing3.17/barrel_testbench_beh.prj work.barrel_testbench 
ISim P.20131013 (signature 0xfbc00daa)
Number of CPUs detected in this system: 4
Turning on mult-threading, number of parallel sub-compilation jobs: 8 
Determining compilation order of HDL files
Parsing VHDL file "/mnt/linux-data/opt/xilinx/projects/listing3.17/barrel_shifter.vhd" into library work
Parsing VHDL file "/mnt/linux-data/opt/xilinx/projects/listing3.17/barrel_testbench.vhd" into library work
Starting static elaboration
Completed static elaboration
Fuse Memory Usage: 95012 KB
Fuse CPU Usage: 980 ms
Compiling package standard
Compiling package std_logic_1164
Compiling architecture multi_stage_arch of entity barrel_shifter [barrel_shifter_default]
Compiling architecture behavior of entity barrel_testbench
Time Resolution for simulation is 1ps.
Compiled 5 VHDL Units
Built simulation executable /mnt/linux-data/opt/xilinx/projects/listing3.17/barrel_testbench_isim_beh.exe
Fuse Memory Usage: 660732 KB
Fuse CPU Usage: 1000 ms
GCC CPU Usage: 200 ms
