Running: /mnt/linux-data/opt/xilinx/14.7/ISE_DS/ISE/bin/lin64/unwrapped/fuse -intstyle ise -incremental -o /mnt/linux-data/opt/xilinx/projects/listing3.19/floating_testbench_isim_beh.exe -prj /mnt/linux-data/opt/xilinx/projects/listing3.19/floating_testbench_beh.prj work.floating_testbench 
ISim P.20131013 (signature 0xfbc00daa)
Number of CPUs detected in this system: 4
Turning on mult-threading, number of parallel sub-compilation jobs: 8 
Determining compilation order of HDL files
Parsing VHDL file "/mnt/linux-data/opt/xilinx/projects/listing3.19/fp_adder.vhd" into library work
Parsing VHDL file "/mnt/linux-data/opt/xilinx/projects/listing3.19/floating_testbench.vhd" into library work
Starting static elaboration
Completed static elaboration
Fuse Memory Usage: 96732 KB
Fuse CPU Usage: 980 ms
Compiling package standard
Compiling package std_logic_1164
Compiling package numeric_std
Compiling architecture arch of entity fp_adder [fp_adder_default]
Compiling architecture behavior of entity floating_testbench
Time Resolution for simulation is 1ps.
Waiting for 1 sub-compilation(s) to finish...
Compiled 6 VHDL Units
Built simulation executable /mnt/linux-data/opt/xilinx/projects/listing3.19/floating_testbench_isim_beh.exe
Fuse Memory Usage: 668356 KB
Fuse CPU Usage: 1070 ms
GCC CPU Usage: 270 ms
