ISim log file
Running: /mnt/linux-data/opt/xilinx/projects/listing3.19/floating_testbench_isim_beh.exe -intstyle ise -gui -tclbatch isim.cmd -wdb /mnt/linux-data/opt/xilinx/projects/listing3.19/floating_testbench_isim_beh.wdb 
ISim P.20131013 (signature 0xfbc00daa)
WARNING: A WEBPACK license was found.
WARNING: Please use Xilinx License Configuration Manager to check out a full ISim license.
WARNING: ISim will run in Lite mode. Please refer to the ISim documentation for more information on the differences between the Lite and the Full version.
This is a Lite version of ISim.
Time resolution is 1 ps
# onerror resume
# wave add /
# run 1000 ns
Simulator is doing circuit initialization process.
at 0 ps, Instance /floating_testbench/uut/ : Warning: NUMERIC_STD.">": metavalue detected, returning FALSE
Finished circuit initialization process.
# show driver /floating_testbench/exp1
Driver for /floating_testbench/exp1[0]
	'0'	: /floating_testbench/:stim_proc
		  in File "/mnt/linux-data/opt/xilinx/projects/listing3.19/floating_testbench.vhd" Line 102

Driver for /floating_testbench/exp1[1]
	'0'	: /floating_testbench/:stim_proc
		  in File "/mnt/linux-data/opt/xilinx/projects/listing3.19/floating_testbench.vhd" Line 102

Driver for /floating_testbench/exp1[2]
	'0'	: /floating_testbench/:stim_proc
		  in File "/mnt/linux-data/opt/xilinx/projects/listing3.19/floating_testbench.vhd" Line 102

Driver for /floating_testbench/exp1[3]
	'0'	: /floating_testbench/:stim_proc
		  in File "/mnt/linux-data/opt/xilinx/projects/listing3.19/floating_testbench.vhd" Line 102

# exit 0
